<?xml version="1.0" encoding="utf-8" standalone="no"?>
<!--This file represents the results of running a test suite-->
<test-results name="C:\Dev\CK-Database-Projects\CK-DB\Tests\CK.DB.Actor.ActorEMail.Tests\bin\Debug\net461\CK.DB.Actor.ActorEMail.Tests.dll" total="15" errors="0" failures="0" not-run="0" inconclusive="0" ignored="0" skipped="0" invalid="0" date="2018-03-30" time="20:05:12">
  <environment nunit-version="2.6.4.14350" clr-version="4.0.30319.42000" os-version="Microsoft Windows NT 6.2.9200.0" platform="Win32NT" cwd="C:\Dev\CK-Database-Projects\CK-DB" machine-name="DESKTOP-5BQ4M95" user="olivi" user-domain="DESKTOP-5BQ4M95" />
  <culture-info current-culture="fr-FR" current-uiculture="fr-FR" />
  <test-suite type="Assembly" name="C:\Dev\CK-Database-Projects\CK-DB\Tests\CK.DB.Actor.ActorEMail.Tests\bin\Debug\net461\CK.DB.Actor.ActorEMail.Tests.dll" executed="True" result="Success" success="True" time="18.700" asserts="0">
    <results>
      <test-suite type="Namespace" name="CK" executed="True" result="Success" success="True" time="18.687" asserts="0">
        <results>
          <test-suite type="Namespace" name="DB" executed="True" result="Success" success="True" time="18.686" asserts="0">
            <results>
              <test-suite type="Namespace" name="Actor" executed="True" result="Success" success="True" time="18.686" asserts="0">
                <results>
                  <test-suite type="Namespace" name="ActorEMail" executed="True" result="Success" success="True" time="18.686" asserts="0">
                    <results>
                      <test-suite type="Namespace" name="Tests" executed="True" result="Success" success="True" time="18.686" asserts="0">
                        <results>
                          <test-suite type="TestFixture" name="ActorEMailTests" executed="True" result="Success" success="True" time="18.489" asserts="0">
                            <results>
                              <test-case name="CK.DB.Actor.ActorEMail.Tests.ActorEMailTests.adding_and_removing_one_mail_to_System" executed="True" result="Success" success="True" time="18.140" asserts="0" />
                              <test-case name="CK.DB.Actor.ActorEMail.Tests.ActorEMailTests.first_email_is_automatically_primary_but_the_first_valid_one_is_elected" executed="True" result="Success" success="True" time="0.034" asserts="0" />
                              <test-case name="CK.DB.Actor.ActorEMail.Tests.ActorEMailTests.when_removing_the_primary_email_another_one_is_elected_even_if_they_are_all_not_validated" executed="True" result="Success" success="True" time="0.137" asserts="0" />
                              <test-case name="CK.DB.Actor.ActorEMail.Tests.ActorEMailTests.when_removing_the_primary_email_the_most_recently_validated_is_elected" executed="True" result="Success" success="True" time="0.156" asserts="0" />
                            </results>
                          </test-suite>
                          <test-suite type="TestFixture" name="DBSetup" executed="True" result="Inconclusive" success="False" time="0.002" asserts="0" />
                          <test-suite type="Namespace" name="From" executed="True" result="Success" success="True" time="0.180" asserts="0">
                            <results>
                              <test-suite type="TestFixture" name="FromActorGroupTests" executed="True" result="Success" success="True" time="0.133" asserts="0">
                                <results>
                                  <test-case name="CK.DB.Actor.ActorEMail.Tests.From.FromActorGroupTests.GroupTests.Anonymous_can_not_create_a_group" executed="True" result="Success" success="True" time="0.018" asserts="0" />
                                  <test-case name="CK.DB.Actor.ActorEMail.Tests.From.FromActorGroupTests.GroupTests.Anonymous_can_not_destroy_a_group" executed="True" result="Success" success="True" time="0.005" asserts="0" />
                                  <test-case name="CK.DB.Actor.ActorEMail.Tests.From.FromActorGroupTests.GroupTests.by_default_groups_can_not_be_destroyed_when_users_exist" executed="True" result="Success" success="True" time="0.049" asserts="0" />
                                  <test-case name="CK.DB.Actor.ActorEMail.Tests.From.FromActorGroupTests.GroupTests.destroying_a_user_removes_it_from_all_the_groups_it_belongs_to" executed="True" result="Success" success="True" time="0.008" asserts="0" />
                                  <test-case name="CK.DB.Actor.ActorEMail.Tests.From.FromActorGroupTests.GroupTests.groups_are_destroyed_even_when_users_exist_when_ForceDestroy_is_true" executed="True" result="Success" success="True" time="0.014" asserts="1" />
                                  <test-case name="CK.DB.Actor.ActorEMail.Tests.From.FromActorGroupTests.GroupTests.groups_can_be_created_and_destroyed_when_empty" executed="True" result="Success" success="True" time="0.012" asserts="1" />
                                  <test-case name="CK.DB.Actor.ActorEMail.Tests.From.FromActorGroupTests.GroupTests.only_system_users_can_add_or_remove_users_from_group_System" executed="True" result="Success" success="True" time="0.024" asserts="1" />
                                </results>
                              </test-suite>
                              <test-suite type="TestFixture" name="FromActorUserTests" executed="True" result="Success" success="True" time="0.045" asserts="0">
                                <results>
                                  <test-case name="CK.DB.Actor.ActorEMail.Tests.From.FromActorUserTests.UserTests.Anonymous_can_not_create_a_user" executed="True" result="Success" success="True" time="0.003" asserts="0" />
                                  <test-case name="CK.DB.Actor.ActorEMail.Tests.From.FromActorUserTests.UserTests.user_can_not_be_created_with_an_already_existing_UserName" executed="True" result="Success" success="True" time="0.015" asserts="2" />
                                  <test-case name="CK.DB.Actor.ActorEMail.Tests.From.FromActorUserTests.UserTests.user_FindByName_returns_0_when_not_found" executed="True" result="Success" success="True" time="0.007" asserts="3" />
                                  <test-case name="CK.DB.Actor.ActorEMail.Tests.From.FromActorUserTests.UserTests.UserName_is_not_set_if_another_user_exists_with_the_same_UserName" executed="True" result="Success" success="True" time="0.018" asserts="0" />
                                </results>
                              </test-suite>
                            </results>
                          </test-suite>
                        </results>
                      </test-suite>
                    </results>
                  </test-suite>
                </results>
              </test-suite>
            </results>
          </test-suite>
        </results>
      </test-suite>
    </results>
  </test-suite>
</test-results>