<?xml version="1.0" encoding="utf-8" standalone="no"?>
<!--This file represents the results of running a test suite-->
<test-results name="C:\Dev\CK-Database-Projects\CK-DB\Tests\CK.DB.Res.MCResString.Tests\bin\Debug\net461\CK.DB.Res.MCResString.Tests.dll" total="17" errors="0" failures="0" not-run="0" inconclusive="0" ignored="0" skipped="0" invalid="0" date="2018-03-30" time="20:09:27">
  <environment nunit-version="2.6.4.14350" clr-version="4.0.30319.42000" os-version="Microsoft Windows NT 6.2.9200.0" platform="Win32NT" cwd="C:\Dev\CK-Database-Projects\CK-DB" machine-name="DESKTOP-5BQ4M95" user="olivi" user-domain="DESKTOP-5BQ4M95" />
  <culture-info current-culture="fr-FR" current-uiculture="fr-FR" />
  <test-suite type="Assembly" name="C:\Dev\CK-Database-Projects\CK-DB\Tests\CK.DB.Res.MCResString.Tests\bin\Debug\net461\CK.DB.Res.MCResString.Tests.dll" executed="True" result="Success" success="True" time="19.756" asserts="0">
    <results>
      <test-suite type="Namespace" name="CK" executed="True" result="Success" success="True" time="19.741" asserts="0">
        <results>
          <test-suite type="Namespace" name="DB" executed="True" result="Success" success="True" time="19.741" asserts="0">
            <results>
              <test-suite type="Namespace" name="MCResString" executed="True" result="Success" success="True" time="19.605" asserts="0">
                <results>
                  <test-suite type="Namespace" name="Tests" executed="True" result="Success" success="True" time="19.605" asserts="0">
                    <results>
                      <test-suite type="Namespace" name="From" executed="True" result="Success" success="True" time="19.605" asserts="0">
                        <results>
                          <test-suite type="TestFixture" name="CultureTests" executed="True" result="Success" success="True" time="19.033" asserts="0">
                            <results>
                              <test-case name="CK.DB.MCResString.Tests.From.CultureTests.CultureTests.by_default_French_and_English_are_defined_but_may_be_updated" executed="True" result="Success" success="True" time="18.939" asserts="0" />
                              <test-case name="CK.DB.MCResString.Tests.From.CultureTests.CultureTests.LCID_must_be_greater_than_0_and_less_than_0xFFFF" executed="True" result="Success" success="True" time="0.026" asserts="0" />
                              <test-case name="CK.DB.MCResString.Tests.From.CultureTests.CultureTests.registering_a_culture_updates_all_fallbacks" executed="True" result="Success" success="True" time="0.049" asserts="0" />
                            </results>
                          </test-suite>
                          <test-suite type="TestFixture" name="DBSetup" executed="True" result="Inconclusive" success="False" time="0.000" asserts="0" />
                          <test-suite type="TestFixture" name="ExtendedCultureTests" executed="True" result="Success" success="True" time="0.514" asserts="0">
                            <results>
                              <test-case name="CK.DB.MCResString.Tests.From.ExtendedCultureTests.ExtendedCultureTests.assuming_extended_cultures" executed="True" result="Success" success="True" time="0.237" asserts="0" />
                              <test-case name="CK.DB.MCResString.Tests.From.ExtendedCultureTests.ExtendedCultureTests.checking_Idx_updates_when_destroying_a_Culture" executed="True" result="Success" success="True" time="0.031" asserts="0" />
                              <test-case name="CK.DB.MCResString.Tests.From.ExtendedCultureTests.ExtendedCultureTests.destroying_culture_updates_all_cultures_fallbacks" executed="True" result="Success" success="True" time="0.076" asserts="0" />
                              <test-case name="CK.DB.MCResString.Tests.From.ExtendedCultureTests.ExtendedCultureTests.destroying_LCID_destroys_XLCID_with_the_primary_LCID" executed="True" result="Success" success="True" time="0.013" asserts="0" />
                              <test-case name="CK.DB.MCResString.Tests.From.ExtendedCultureTests.ExtendedCultureTests.reading_CultureData" executed="True" result="Success" success="True" time="0.021" asserts="0" />
                              <test-case name="CK.DB.MCResString.Tests.From.ExtendedCultureTests.ExtendedCultureTests.reading_CultureDate_or_ExtendedCultureData_with_unexisting_identifier_returns_null" executed="True" result="Success" success="True" time="0.001" asserts="0" />
                              <test-case name="CK.DB.MCResString.Tests.From.ExtendedCultureTests.ExtendedCultureTests.reading_ExtendedCultureData" executed="True" result="Success" success="True" time="0.050" asserts="0" />
                              <test-case name="CK.DB.MCResString.Tests.From.ExtendedCultureTests.ExtendedCultureTests.setting_culture_fallbacks" executed="True" result="Success" success="True" time="0.068" asserts="0" />
                              <test-case name="CK.DB.MCResString.Tests.From.ExtendedCultureTests.ExtendedCultureTests.XLCID_are_never_reused" executed="True" result="Success" success="True" time="0.014" asserts="0" />
                            </results>
                          </test-suite>
                          <test-suite type="TestFixture" name="ResTests" executed="True" result="Success" success="True" time="0.050" asserts="0">
                            <results>
                              <test-case name="CK.DB.MCResString.Tests.From.ResTests.ResTests.creating_and_destroying_raw_resource" executed="True" result="Success" success="True" time="0.050" asserts="0" />
                            </results>
                          </test-suite>
                        </results>
                      </test-suite>
                    </results>
                  </test-suite>
                </results>
              </test-suite>
              <test-suite type="Namespace" name="Res" executed="True" result="Success" success="True" time="0.133" asserts="0">
                <results>
                  <test-suite type="Namespace" name="MCResString" executed="True" result="Success" success="True" time="0.133" asserts="0">
                    <results>
                      <test-suite type="Namespace" name="Tests" executed="True" result="Success" success="True" time="0.132" asserts="0">
                        <results>
                          <test-suite type="TestFixture" name="MCResStringTests" executed="True" result="Success" success="True" time="0.132" asserts="0">
                            <results>
                              <test-case name="CK.DB.Res.MCResString.Tests.MCResStringTests.destroying_the_resource_destroys_the_string_values" executed="True" result="Success" success="True" time="0.051" asserts="1" />
                              <test-case name="CK.DB.Res.MCResString.Tests.MCResStringTests.fallbaks_between_french_and_english_and_german_cultures" executed="True" result="Success" success="True" time="0.027" asserts="0" />
                              <test-case name="CK.DB.Res.MCResString.Tests.MCResStringTests.fallbaks_between_french_and_english_cultures" executed="True" result="Success" success="True" time="0.010" asserts="0" />
                              <test-case name="CK.DB.Res.MCResString.Tests.MCResStringTests.setting_and_clearing_string_values_can_use_XLCID" executed="True" result="Success" success="True" time="0.041" asserts="1" />
                            </results>
                          </test-suite>
                        </results>
                      </test-suite>
                    </results>
                  </test-suite>
                </results>
              </test-suite>
            </results>
          </test-suite>
        </results>
      </test-suite>
    </results>
  </test-suite>
</test-results>