<?xml version="1.0" encoding="utf-8" standalone="no"?>
<!--This file represents the results of running a test suite-->
<test-results name="C:\Dev\CK-Database-Projects\CK-DB\Tests\CK.DB.Auth.AuthScope.Tests\bin\Debug\net461\CK.DB.Auth.AuthScope.Tests.dll" total="4" errors="0" failures="0" not-run="0" inconclusive="0" ignored="0" skipped="0" invalid="0" date="2018-03-30" time="20:05:46">
  <environment nunit-version="2.6.4.14350" clr-version="4.0.30319.42000" os-version="Microsoft Windows NT 6.2.9200.0" platform="Win32NT" cwd="C:\Dev\CK-Database-Projects\CK-DB" machine-name="DESKTOP-5BQ4M95" user="olivi" user-domain="DESKTOP-5BQ4M95" />
  <culture-info current-culture="fr-FR" current-uiculture="fr-FR" />
  <test-suite type="Assembly" name="C:\Dev\CK-Database-Projects\CK-DB\Tests\CK.DB.Auth.AuthScope.Tests\bin\Debug\net461\CK.DB.Auth.AuthScope.Tests.dll" executed="True" result="Success" success="True" time="18.560" asserts="0">
    <results>
      <test-suite type="Namespace" name="CK" executed="True" result="Success" success="True" time="18.548" asserts="0">
        <results>
          <test-suite type="Namespace" name="DB" executed="True" result="Success" success="True" time="18.548" asserts="0">
            <results>
              <test-suite type="Namespace" name="Auth" executed="True" result="Success" success="True" time="18.548" asserts="0">
                <results>
                  <test-suite type="Namespace" name="AuthScope" executed="True" result="Success" success="True" time="18.548" asserts="0">
                    <results>
                      <test-suite type="Namespace" name="Tests" executed="True" result="Success" success="True" time="18.547" asserts="0">
                        <results>
                          <test-suite type="TestFixture" name="AuthScopeSetTests" executed="True" result="Success" success="True" time="18.543" asserts="0">
                            <results>
                              <test-case name="CK.DB.Auth.AuthScope.Tests.AuthScopeSetTests.adding_and_removing_scopes_via_raw_strings" executed="True" result="Success" success="True" time="18.332" asserts="0" />
                              <test-case name="CK.DB.Auth.AuthScope.Tests.AuthScopeSetTests.AuthScopeSet_manipulation" executed="True" result="Success" success="True" time="0.111" asserts="0" />
                              <test-case name="CK.DB.Auth.AuthScope.Tests.AuthScopeSetTests.creating_simple_scope_set" executed="True" result="Success" success="True" time="0.060" asserts="1" />
                              <test-case name="CK.DB.Auth.AuthScope.Tests.AuthScopeSetTests.setting_scopes_on_zero_ScopeSetId_is_an_error" executed="True" result="Success" success="True" time="0.023" asserts="0" />
                            </results>
                          </test-suite>
                          <test-suite type="TestFixture" name="DBSetup" executed="True" result="Inconclusive" success="False" time="0.000" asserts="0" />
                        </results>
                      </test-suite>
                    </results>
                  </test-suite>
                </results>
              </test-suite>
            </results>
          </test-suite>
        </results>
      </test-suite>
    </results>
  </test-suite>
</test-results>