<?xml version="1.0" encoding="utf-8" standalone="no"?>
<!--This file represents the results of running a test suite-->
<test-results name="C:\Dev\CK-Database-Projects\CK-DB\Tests\CK.DB.User.UserGoogle.EMailColumns.Tests\bin\Debug\net461\CK.DB.User.UserGoogle.EMailColumns.Tests.dll" total="7" errors="0" failures="0" not-run="0" inconclusive="0" ignored="0" skipped="0" invalid="0" date="2018-03-30" time="20:12:47">
  <environment nunit-version="2.6.4.14350" clr-version="4.0.30319.42000" os-version="Microsoft Windows NT 6.2.9200.0" platform="Win32NT" cwd="C:\Dev\CK-Database-Projects\CK-DB" machine-name="DESKTOP-5BQ4M95" user="olivi" user-domain="DESKTOP-5BQ4M95" />
  <culture-info current-culture="fr-FR" current-uiculture="fr-FR" />
  <test-suite type="Assembly" name="C:\Dev\CK-Database-Projects\CK-DB\Tests\CK.DB.User.UserGoogle.EMailColumns.Tests\bin\Debug\net461\CK.DB.User.UserGoogle.EMailColumns.Tests.dll" executed="True" result="Success" success="True" time="16.011" asserts="0">
    <results>
      <test-suite type="Namespace" name="CK" executed="True" result="Success" success="True" time="16.000" asserts="0">
        <results>
          <test-suite type="Namespace" name="DB" executed="True" result="Success" success="True" time="16.000" asserts="0">
            <results>
              <test-suite type="Namespace" name="User" executed="True" result="Success" success="True" time="16.000" asserts="0">
                <results>
                  <test-suite type="Namespace" name="UserGoogle" executed="True" result="Success" success="True" time="16.000" asserts="0">
                    <results>
                      <test-suite type="Namespace" name="EMailColumns" executed="True" result="Success" success="True" time="16.000" asserts="0">
                        <results>
                          <test-suite type="Namespace" name="Tests" executed="True" result="Success" success="True" time="16.000" asserts="0">
                            <results>
                              <test-suite type="TestFixture" name="DBSetup" executed="True" result="Inconclusive" success="False" time="0.007" asserts="0" />
                              <test-suite type="Namespace" name="From" executed="True" result="Success" success="True" time="15.975" asserts="0">
                                <results>
                                  <test-suite type="TestFixture" name="FromUserGoogleTests" executed="True" result="Success" success="True" time="15.975" asserts="0">
                                    <results>
                                      <test-case name="CK.DB.User.UserGoogle.EMailColumns.Tests.From.FromUserGoogleTests.UserGoogleTests.create_Google_user_and_check_read_info_object_method" executed="True" result="Success" success="True" time="15.018" asserts="0" />
                                      <test-case name="CK.DB.User.UserGoogle.EMailColumns.Tests.From.FromUserGoogleTests.UserGoogleTests.create_Google_user_and_check_read_info_object_method_async" executed="True" result="Success" success="True" time="0.090" asserts="0" />
                                      <test-case name="CK.DB.User.UserGoogle.EMailColumns.Tests.From.FromUserGoogleTests.UserGoogleTests.Google_AuthProvider_is_registered" executed="True" result="Success" success="True" time="0.038" asserts="0" />
                                      <test-case name="CK.DB.User.UserGoogle.EMailColumns.Tests.From.FromUserGoogleTests.UserGoogleTests.standard_generic_tests_for_Google_provider" executed="True" result="Success" success="True" time="0.115" asserts="0" />
                                      <test-case name="CK.DB.User.UserGoogle.EMailColumns.Tests.From.FromUserGoogleTests.UserGoogleTests.standard_generic_tests_for_Google_provider_Async" executed="True" result="Success" success="True" time="0.691" asserts="0" />
                                      <test-case name="CK.DB.User.UserGoogle.EMailColumns.Tests.From.FromUserGoogleTests.UserGoogleTests.vUserAuthProvider_reflects_the_user_Google_authentication" executed="True" result="Success" success="True" time="0.016" asserts="0" />
                                    </results>
                                  </test-suite>
                                </results>
                              </test-suite>
                              <test-suite type="TestFixture" name="UserGoogleEMailTests" executed="True" result="Success" success="True" time="0.011" asserts="0">
                                <results>
                                  <test-case name="CK.DB.User.UserGoogle.EMailColumns.Tests.UserGoogleEMailTests.email_and_email_verified_are_managed" executed="True" result="Success" success="True" time="0.010" asserts="0" />
                                </results>
                              </test-suite>
                            </results>
                          </test-suite>
                        </results>
                      </test-suite>
                    </results>
                  </test-suite>
                </results>
              </test-suite>
            </results>
          </test-suite>
        </results>
      </test-suite>
    </results>
  </test-suite>
</test-results>