<?xml version="1.0" encoding="utf-8" standalone="no"?>
<!--This file represents the results of running a test suite-->
<test-results name="C:\Dev\CK-Database-Projects\CK-DB\Tests\CK.DB.Res.ResName.Tests\bin\Debug\net461\CK.DB.Res.ResName.Tests.dll" total="6" errors="0" failures="0" not-run="0" inconclusive="0" ignored="0" skipped="0" invalid="0" date="2018-03-30" time="20:10:27">
  <environment nunit-version="2.6.4.14350" clr-version="4.0.30319.42000" os-version="Microsoft Windows NT 6.2.9200.0" platform="Win32NT" cwd="C:\Dev\CK-Database-Projects\CK-DB" machine-name="DESKTOP-5BQ4M95" user="olivi" user-domain="DESKTOP-5BQ4M95" />
  <culture-info current-culture="fr-FR" current-uiculture="fr-FR" />
  <test-suite type="Assembly" name="C:\Dev\CK-Database-Projects\CK-DB\Tests\CK.DB.Res.ResName.Tests\bin\Debug\net461\CK.DB.Res.ResName.Tests.dll" executed="True" result="Success" success="True" time="16.894" asserts="0">
    <results>
      <test-suite type="Namespace" name="CK" executed="True" result="Success" success="True" time="16.883" asserts="0">
        <results>
          <test-suite type="Namespace" name="DB" executed="True" result="Success" success="True" time="16.883" asserts="0">
            <results>
              <test-suite type="Namespace" name="Res" executed="True" result="Success" success="True" time="16.835" asserts="0">
                <results>
                  <test-suite type="Namespace" name="ResName" executed="True" result="Success" success="True" time="16.835" asserts="0">
                    <results>
                      <test-suite type="Namespace" name="Tests" executed="True" result="Success" success="True" time="16.835" asserts="0">
                        <results>
                          <test-suite type="TestFixture" name="DBSetup" executed="True" result="Inconclusive" success="False" time="0.008" asserts="0" />
                          <test-suite type="TestFixture" name="ResNameTests" executed="True" result="Success" success="True" time="16.821" asserts="0">
                            <results>
                              <test-case name="CK.DB.Res.ResName.Tests.ResNameTests.CreateResName_raises_an_exception_if_the_resource_is_already_associated_to_a_name_or_the_name_already_exists" executed="True" result="Success" success="True" time="16.731" asserts="0" />
                              <test-case name="CK.DB.Res.ResName.Tests.ResNameTests.renaming_a_resource_can_be_done_WithChildren_or_only_for_the_resource_itself" executed="True" result="Success" success="True" time="0.061" asserts="0" />
                              <test-case name="CK.DB.Res.ResName.Tests.ResNameTests.resource_0_and_1_are_empty_and_System" executed="True" result="Success" success="True" time="0.007" asserts="0" />
                              <test-case name="CK.DB.Res.ResName.Tests.ResNameTests.resource_0_and_1_can_not_be_destroyed" executed="True" result="Success" success="True" time="0.005" asserts="0" />
                              <test-case name="CK.DB.Res.ResName.Tests.ResNameTests.using_DestroyByPrefix_enables_destruction_without_an_existing_parent" executed="True" result="Success" success="True" time="0.011" asserts="0" />
                            </results>
                          </test-suite>
                        </results>
                      </test-suite>
                    </results>
                  </test-suite>
                </results>
              </test-suite>
              <test-suite type="Namespace" name="ResName" executed="True" result="Success" success="True" time="0.046" asserts="0">
                <results>
                  <test-suite type="Namespace" name="Tests" executed="True" result="Success" success="True" time="0.046" asserts="0">
                    <results>
                      <test-suite type="Namespace" name="FromRes" executed="True" result="Success" success="True" time="0.046" asserts="0">
                        <results>
                          <test-suite type="TestFixture" name="ResTests" executed="True" result="Success" success="True" time="0.045" asserts="0">
                            <results>
                              <test-case name="CK.DB.ResName.Tests.FromRes.ResTests.ResTests.creating_and_destroying_raw_resource" executed="True" result="Success" success="True" time="0.045" asserts="0" />
                            </results>
                          </test-suite>
                        </results>
                      </test-suite>
                    </results>
                  </test-suite>
                </results>
              </test-suite>
            </results>
          </test-suite>
        </results>
      </test-suite>
    </results>
  </test-suite>
</test-results>