<?xml version="1.0" encoding="utf-8" standalone="no"?>
<!--This file represents the results of running a test suite-->
<test-results name="C:\Dev\CK-Database-Projects\CK-DB\Tests\CK.DB.User.UserPassword.Tests\bin\Debug\net461\CK.DB.User.UserPassword.Tests.dll" total="31" errors="0" failures="0" not-run="0" inconclusive="0" ignored="0" skipped="0" invalid="0" date="2018-03-30" time="20:13:50">
  <environment nunit-version="2.6.4.14350" clr-version="4.0.30319.42000" os-version="Microsoft Windows NT 6.2.9200.0" platform="Win32NT" cwd="C:\Dev\CK-Database-Projects\CK-DB" machine-name="DESKTOP-5BQ4M95" user="olivi" user-domain="DESKTOP-5BQ4M95" />
  <culture-info current-culture="fr-FR" current-uiculture="fr-FR" />
  <test-suite type="Assembly" name="C:\Dev\CK-Database-Projects\CK-DB\Tests\CK.DB.User.UserPassword.Tests\bin\Debug\net461\CK.DB.User.UserPassword.Tests.dll" executed="True" result="Success" success="True" time="19.034" asserts="0">
    <results>
      <test-suite type="Namespace" name="CK" executed="True" result="Success" success="True" time="19.024" asserts="0">
        <results>
          <test-suite type="Namespace" name="DB" executed="True" result="Success" success="True" time="19.024" asserts="0">
            <results>
              <test-suite type="Namespace" name="User" executed="True" result="Success" success="True" time="19.024" asserts="0">
                <results>
                  <test-suite type="Namespace" name="UserPassword" executed="True" result="Success" success="True" time="19.023" asserts="0">
                    <results>
                      <test-suite type="Namespace" name="Tests" executed="True" result="Success" success="True" time="19.023" asserts="0">
                        <results>
                          <test-suite type="TestFixture" name="DBSetup" executed="True" result="Inconclusive" success="False" time="0.007" asserts="0" />
                          <test-suite type="Namespace" name="From" executed="True" result="Success" success="True" time="18.116" asserts="0">
                            <results>
                              <test-suite type="TestFixture" name="FromActorGroupTests" executed="True" result="Success" success="True" time="16.702" asserts="0">
                                <results>
                                  <test-case name="CK.DB.User.UserPassword.Tests.From.FromActorGroupTests.GroupTests.Anonymous_can_not_create_a_group" executed="True" result="Success" success="True" time="16.542" asserts="0" />
                                  <test-case name="CK.DB.User.UserPassword.Tests.From.FromActorGroupTests.GroupTests.Anonymous_can_not_destroy_a_group" executed="True" result="Success" success="True" time="0.025" asserts="0" />
                                  <test-case name="CK.DB.User.UserPassword.Tests.From.FromActorGroupTests.GroupTests.by_default_groups_can_not_be_destroyed_when_users_exist" executed="True" result="Success" success="True" time="0.061" asserts="0" />
                                  <test-case name="CK.DB.User.UserPassword.Tests.From.FromActorGroupTests.GroupTests.destroying_a_user_removes_it_from_all_the_groups_it_belongs_to" executed="True" result="Success" success="True" time="0.011" asserts="0" />
                                  <test-case name="CK.DB.User.UserPassword.Tests.From.FromActorGroupTests.GroupTests.groups_are_destroyed_even_when_users_exist_when_ForceDestroy_is_true" executed="True" result="Success" success="True" time="0.015" asserts="1" />
                                  <test-case name="CK.DB.User.UserPassword.Tests.From.FromActorGroupTests.GroupTests.groups_can_be_created_and_destroyed_when_empty" executed="True" result="Success" success="True" time="0.012" asserts="1" />
                                  <test-case name="CK.DB.User.UserPassword.Tests.From.FromActorGroupTests.GroupTests.only_system_users_can_add_or_remove_users_from_group_System" executed="True" result="Success" success="True" time="0.028" asserts="1" />
                                </results>
                              </test-suite>
                              <test-suite type="TestFixture" name="FromActorUserTests" executed="True" result="Success" success="True" time="0.048" asserts="0">
                                <results>
                                  <test-case name="CK.DB.User.UserPassword.Tests.From.FromActorUserTests.UserTests.Anonymous_can_not_create_a_user" executed="True" result="Success" success="True" time="0.003" asserts="0" />
                                  <test-case name="CK.DB.User.UserPassword.Tests.From.FromActorUserTests.UserTests.user_can_not_be_created_with_an_already_existing_UserName" executed="True" result="Success" success="True" time="0.016" asserts="2" />
                                  <test-case name="CK.DB.User.UserPassword.Tests.From.FromActorUserTests.UserTests.user_FindByName_returns_0_when_not_found" executed="True" result="Success" success="True" time="0.007" asserts="3" />
                                  <test-case name="CK.DB.User.UserPassword.Tests.From.FromActorUserTests.UserTests.UserName_is_not_set_if_another_user_exists_with_the_same_UserName" executed="True" result="Success" success="True" time="0.017" asserts="0" />
                                </results>
                              </test-suite>
                              <test-suite type="TestFixture" name="FromAuthTests" executed="True" result="Success" success="True" time="1.365" asserts="0">
                                <results>
                                  <test-case name="CK.DB.User.UserPassword.Tests.From.FromAuthTests.AuthTests.calling_OnUserLogin_directlty_works_but_is_reserved_for_very_rare_scenarii" executed="True" result="Success" success="True" time="0.604" asserts="0" />
                                  <test-case name="CK.DB.User.UserPassword.Tests.From.FromAuthTests.AuthTests.reading_IUserAuthInfo_for_an_unexisting_user_or_Anonymous_returns_null" executed="True" result="Success" success="True" time="0.008" asserts="0" />
                                  <test-case name="CK.DB.User.UserPassword.Tests.From.FromAuthTests.AuthTests.when_a_basic_provider_exists_its_IGenericAuthenticationProvider_adpater_accepts_UserId_or_UserName_based_login_payloads" executed="True" result="Success" success="True" time="0.389" asserts="0" />
                                  <test-case name="CK.DB.User.UserPassword.Tests.From.FromAuthTests.AuthTests.when_a_basic_provider_exists_its_IGenericAuthenticationProvider_adpater_accepts_UserId_or_UserName_based_login_payloads_Async" executed="True" result="Success" success="True" time="0.358" asserts="0" />
                                  <test-case name="CK.DB.User.UserPassword.Tests.From.FromAuthTests.AuthTests.when_basic_provider_exists_it_is_registered_in_tAuthProvider_and_available_as_IGenericAuthenticationProvider" executed="True" result="Success" success="True" time="0.003" asserts="0" />
                                </results>
                              </test-suite>
                            </results>
                          </test-suite>
                          <test-suite type="TestFixture" name="UserPasswordTests" executed="True" result="Success" success="True" time="0.894" asserts="0">
                            <results>
                              <test-case name="CK.DB.User.UserPassword.Tests.UserPasswordTests.Basic_AuthProvider_is_registered" executed="True" result="Success" success="True" time="0.003" asserts="0" />
                              <test-suite type="ParameterizedTest" name="changing_iteration_count_updates_automatically_the_hash" executed="True" result="Success" success="True" time="0.048" asserts="0">
                                <results>
                                  <test-case name="CK.DB.User.UserPassword.Tests.UserPasswordTests.changing_iteration_count_updates_automatically_the_hash(&quot;p&quot;)" executed="True" result="Success" success="True" time="0.025" asserts="0" />
                                  <test-case name="CK.DB.User.UserPassword.Tests.UserPasswordTests.changing_iteration_count_updates_automatically_the_hash(&quot;deefzrfgebhntjuykilompo^\x00F9p$*p\x00F9^mlkjhgf250258p&quot;)" executed="True" result="Success" success="True" time="0.021" asserts="0" />
                                </results>
                              </test-suite>
                              <test-case name="CK.DB.User.UserPassword.Tests.UserPasswordTests.create_a_password_for_an_anonymous_user_is_an_error" executed="True" result="Success" success="True" time="0.043" asserts="0" />
                              <test-case name="CK.DB.User.UserPassword.Tests.UserPasswordTests.create_password_and_check_Verify_method" executed="True" result="Success" success="True" time="0.063" asserts="0" />
                              <test-case name="CK.DB.User.UserPassword.Tests.UserPasswordTests.destroying_a_user_destroys_its_PasswordUser_facet" executed="True" result="Success" success="True" time="0.012" asserts="0" />
                              <test-case name="CK.DB.User.UserPassword.Tests.UserPasswordTests.Generic_to_Basic_provider_with_userId_as_double_or_as_string" executed="True" result="Success" success="True" time="0.035" asserts="0" />
                              <test-case name="CK.DB.User.UserPassword.Tests.UserPasswordTests.onLogin_extension_point_is_called" executed="True" result="Success" success="True" time="0.174" asserts="0" />
                              <test-case name="CK.DB.User.UserPassword.Tests.UserPasswordTests.password_migration_is_supported_by_user_id_and_user_name" executed="True" result="Success" success="True" time="0.046" asserts="0" />
                              <test-case name="CK.DB.User.UserPassword.Tests.UserPasswordTests.password_migration_is_supported_by_user_id_and_user_name_async" executed="True" result="Success" success="True" time="0.047" asserts="0" />
                              <test-case name="CK.DB.User.UserPassword.Tests.UserPasswordTests.standard_generic_tests_for_Basic_provider" executed="True" result="Success" success="True" time="0.066" asserts="0" />
                              <test-case name="CK.DB.User.UserPassword.Tests.UserPasswordTests.standard_generic_tests_for_Basic_provider_Async" executed="True" result="Success" success="True" time="0.094" asserts="0" />
                              <test-case name="CK.DB.User.UserPassword.Tests.UserPasswordTests.UserPassword_implements_IBasicAuthenticationProvider" executed="True" result="Success" success="True" time="0.102" asserts="0" />
                              <test-case name="CK.DB.User.UserPassword.Tests.UserPasswordTests.UserPassword_implements_IBasicAuthenticationProvider_async" executed="True" result="Success" success="True" time="0.129" asserts="0" />
                              <test-case name="CK.DB.User.UserPassword.Tests.UserPasswordTests.vUserAuthProvider_reflects_the_user_basic_authentication" executed="True" result="Success" success="True" time="0.024" asserts="0" />
                            </results>
                          </test-suite>
                        </results>
                      </test-suite>
                    </results>
                  </test-suite>
                </results>
              </test-suite>
            </results>
          </test-suite>
        </results>
      </test-suite>
    </results>
  </test-suite>
</test-results>