<?xml version="1.0" encoding="utf-8" standalone="no"?>
<!--This file represents the results of running a test suite-->
<test-results name="C:\Dev\CK-Database-Projects\CK-DB\Tests\CK.DB.Res.MCResHtml.Tests\bin\Debug\net461\CK.DB.Res.MCResHtml.Tests.dll" total="17" errors="0" failures="0" not-run="0" inconclusive="0" ignored="0" skipped="0" invalid="0" date="2018-03-30" time="20:08:55">
  <environment nunit-version="2.6.4.14350" clr-version="4.0.30319.42000" os-version="Microsoft Windows NT 6.2.9200.0" platform="Win32NT" cwd="C:\Dev\CK-Database-Projects\CK-DB" machine-name="DESKTOP-5BQ4M95" user="olivi" user-domain="DESKTOP-5BQ4M95" />
  <culture-info current-culture="fr-FR" current-uiculture="fr-FR" />
  <test-suite type="Assembly" name="C:\Dev\CK-Database-Projects\CK-DB\Tests\CK.DB.Res.MCResHtml.Tests\bin\Debug\net461\CK.DB.Res.MCResHtml.Tests.dll" executed="True" result="Success" success="True" time="18.459" asserts="0">
    <results>
      <test-suite type="Namespace" name="CK" executed="True" result="Success" success="True" time="18.444" asserts="0">
        <results>
          <test-suite type="Namespace" name="DB" executed="True" result="Success" success="True" time="18.444" asserts="0">
            <results>
              <test-suite type="Namespace" name="MCResHtml" executed="True" result="Success" success="True" time="18.315" asserts="0">
                <results>
                  <test-suite type="Namespace" name="Tests" executed="True" result="Success" success="True" time="18.315" asserts="0">
                    <results>
                      <test-suite type="Namespace" name="From" executed="True" result="Success" success="True" time="18.315" asserts="0">
                        <results>
                          <test-suite type="TestFixture" name="CultureTests" executed="True" result="Success" success="True" time="17.773" asserts="0">
                            <results>
                              <test-case name="CK.DB.MCResHtml.Tests.From.CultureTests.CultureTests.by_default_French_and_English_are_defined_but_may_be_updated" executed="True" result="Success" success="True" time="17.692" asserts="0" />
                              <test-case name="CK.DB.MCResHtml.Tests.From.CultureTests.CultureTests.LCID_must_be_greater_than_0_and_less_than_0xFFFF" executed="True" result="Success" success="True" time="0.022" asserts="0" />
                              <test-case name="CK.DB.MCResHtml.Tests.From.CultureTests.CultureTests.registering_a_culture_updates_all_fallbacks" executed="True" result="Success" success="True" time="0.043" asserts="0" />
                            </results>
                          </test-suite>
                          <test-suite type="TestFixture" name="DBSetup" executed="True" result="Inconclusive" success="False" time="0.000" asserts="0" />
                          <test-suite type="TestFixture" name="ExtendedCultureTests" executed="True" result="Success" success="True" time="0.486" asserts="0">
                            <results>
                              <test-case name="CK.DB.MCResHtml.Tests.From.ExtendedCultureTests.ExtendedCultureTests.assuming_extended_cultures" executed="True" result="Success" success="True" time="0.228" asserts="0" />
                              <test-case name="CK.DB.MCResHtml.Tests.From.ExtendedCultureTests.ExtendedCultureTests.checking_Idx_updates_when_destroying_a_Culture" executed="True" result="Success" success="True" time="0.034" asserts="0" />
                              <test-case name="CK.DB.MCResHtml.Tests.From.ExtendedCultureTests.ExtendedCultureTests.destroying_culture_updates_all_cultures_fallbacks" executed="True" result="Success" success="True" time="0.055" asserts="0" />
                              <test-case name="CK.DB.MCResHtml.Tests.From.ExtendedCultureTests.ExtendedCultureTests.destroying_LCID_destroys_XLCID_with_the_primary_LCID" executed="True" result="Success" success="True" time="0.012" asserts="0" />
                              <test-case name="CK.DB.MCResHtml.Tests.From.ExtendedCultureTests.ExtendedCultureTests.reading_CultureData" executed="True" result="Success" success="True" time="0.019" asserts="0" />
                              <test-case name="CK.DB.MCResHtml.Tests.From.ExtendedCultureTests.ExtendedCultureTests.reading_CultureDate_or_ExtendedCultureData_with_unexisting_identifier_returns_null" executed="True" result="Success" success="True" time="0.001" asserts="0" />
                              <test-case name="CK.DB.MCResHtml.Tests.From.ExtendedCultureTests.ExtendedCultureTests.reading_ExtendedCultureData" executed="True" result="Success" success="True" time="0.053" asserts="0" />
                              <test-case name="CK.DB.MCResHtml.Tests.From.ExtendedCultureTests.ExtendedCultureTests.setting_culture_fallbacks" executed="True" result="Success" success="True" time="0.065" asserts="0" />
                              <test-case name="CK.DB.MCResHtml.Tests.From.ExtendedCultureTests.ExtendedCultureTests.XLCID_are_never_reused" executed="True" result="Success" success="True" time="0.016" asserts="0" />
                            </results>
                          </test-suite>
                          <test-suite type="TestFixture" name="ResTests" executed="True" result="Success" success="True" time="0.050" asserts="0">
                            <results>
                              <test-case name="CK.DB.MCResHtml.Tests.From.ResTests.ResTests.creating_and_destroying_raw_resource" executed="True" result="Success" success="True" time="0.049" asserts="0" />
                            </results>
                          </test-suite>
                        </results>
                      </test-suite>
                    </results>
                  </test-suite>
                </results>
              </test-suite>
              <test-suite type="Namespace" name="Res" executed="True" result="Success" success="True" time="0.124" asserts="0">
                <results>
                  <test-suite type="Namespace" name="MCResHtml" executed="True" result="Success" success="True" time="0.124" asserts="0">
                    <results>
                      <test-suite type="Namespace" name="Tests" executed="True" result="Success" success="True" time="0.124" asserts="0">
                        <results>
                          <test-suite type="TestFixture" name="MCResHtmlTests" executed="True" result="Success" success="True" time="0.123" asserts="0">
                            <results>
                              <test-case name="CK.DB.Res.MCResHtml.Tests.MCResHtmlTests.destroying_the_resource_destroys_the_string_values" executed="True" result="Success" success="True" time="0.050" asserts="1" />
                              <test-case name="CK.DB.Res.MCResHtml.Tests.MCResHtmlTests.fallbaks_between_french_and_english_and_german_cultures" executed="True" result="Success" success="True" time="0.028" asserts="0" />
                              <test-case name="CK.DB.Res.MCResHtml.Tests.MCResHtmlTests.fallbaks_between_french_and_english_cultures" executed="True" result="Success" success="True" time="0.011" asserts="0" />
                              <test-case name="CK.DB.Res.MCResHtml.Tests.MCResHtmlTests.setting_and_clearing_string_values_can_use_XLCID" executed="True" result="Success" success="True" time="0.032" asserts="1" />
                            </results>
                          </test-suite>
                        </results>
                      </test-suite>
                    </results>
                  </test-suite>
                </results>
              </test-suite>
            </results>
          </test-suite>
        </results>
      </test-suite>
    </results>
  </test-suite>
</test-results>