<?xml version="1.0" encoding="utf-8" standalone="no"?>
<!--This file represents the results of running a test suite-->
<test-results name="C:\Dev\CK-Database-Projects\CK-DB\Tests\CK.DB.Group.SimpleNaming.Tests\bin\Debug\net461\CK.DB.Group.SimpleNaming.Tests.dll" total="17" errors="0" failures="0" not-run="0" inconclusive="0" ignored="0" skipped="0" invalid="0" date="2018-03-30" time="20:07:36">
  <environment nunit-version="2.6.4.14350" clr-version="4.0.30319.42000" os-version="Microsoft Windows NT 6.2.9200.0" platform="Win32NT" cwd="C:\Dev\CK-Database-Projects\CK-DB" machine-name="DESKTOP-5BQ4M95" user="olivi" user-domain="DESKTOP-5BQ4M95" />
  <culture-info current-culture="fr-FR" current-uiculture="fr-FR" />
  <test-suite type="Assembly" name="C:\Dev\CK-Database-Projects\CK-DB\Tests\CK.DB.Group.SimpleNaming.Tests\bin\Debug\net461\CK.DB.Group.SimpleNaming.Tests.dll" executed="True" result="Success" success="True" time="22.046" asserts="0">
    <results>
      <test-suite type="Namespace" name="CK" executed="True" result="Success" success="True" time="22.034" asserts="0">
        <results>
          <test-suite type="Namespace" name="DB" executed="True" result="Success" success="True" time="22.034" asserts="0">
            <results>
              <test-suite type="Namespace" name="Group" executed="True" result="Success" success="True" time="22.033" asserts="0">
                <results>
                  <test-suite type="Namespace" name="SimpleNaming" executed="True" result="Success" success="True" time="22.033" asserts="0">
                    <results>
                      <test-suite type="Namespace" name="Tests" executed="True" result="Success" success="True" time="22.033" asserts="0">
                        <results>
                          <test-suite type="TestFixture" name="DBSetup" executed="True" result="Inconclusive" success="False" time="0.008" asserts="0" />
                          <test-suite type="Namespace" name="FromActor" executed="True" result="Success" success="True" time="21.764" asserts="0">
                            <results>
                              <test-suite type="TestFixture" name="FromActorGroupTests" executed="True" result="Success" success="True" time="21.716" asserts="0">
                                <results>
                                  <test-case name="CK.DB.Group.SimpleNaming.Tests.FromActor.FromActorGroupTests.GroupTests.Anonymous_can_not_create_a_group" executed="True" result="Success" success="True" time="21.526" asserts="0" />
                                  <test-case name="CK.DB.Group.SimpleNaming.Tests.FromActor.FromActorGroupTests.GroupTests.Anonymous_can_not_destroy_a_group" executed="True" result="Success" success="True" time="0.044" asserts="0" />
                                  <test-case name="CK.DB.Group.SimpleNaming.Tests.FromActor.FromActorGroupTests.GroupTests.by_default_groups_can_not_be_destroyed_when_users_exist" executed="True" result="Success" success="True" time="0.070" asserts="0" />
                                  <test-case name="CK.DB.Group.SimpleNaming.Tests.FromActor.FromActorGroupTests.GroupTests.destroying_a_user_removes_it_from_all_the_groups_it_belongs_to" executed="True" result="Success" success="True" time="0.013" asserts="0" />
                                  <test-case name="CK.DB.Group.SimpleNaming.Tests.FromActor.FromActorGroupTests.GroupTests.groups_are_destroyed_even_when_users_exist_when_ForceDestroy_is_true" executed="True" result="Success" success="True" time="0.015" asserts="1" />
                                  <test-case name="CK.DB.Group.SimpleNaming.Tests.FromActor.FromActorGroupTests.GroupTests.groups_can_be_created_and_destroyed_when_empty" executed="True" result="Success" success="True" time="0.013" asserts="1" />
                                  <test-case name="CK.DB.Group.SimpleNaming.Tests.FromActor.FromActorGroupTests.GroupTests.only_system_users_can_add_or_remove_users_from_group_System" executed="True" result="Success" success="True" time="0.026" asserts="1" />
                                </results>
                              </test-suite>
                              <test-suite type="TestFixture" name="FromActorUserTests" executed="True" result="Success" success="True" time="0.046" asserts="0">
                                <results>
                                  <test-case name="CK.DB.Group.SimpleNaming.Tests.FromActor.FromActorUserTests.UserTests.Anonymous_can_not_create_a_user" executed="True" result="Success" success="True" time="0.003" asserts="0" />
                                  <test-case name="CK.DB.Group.SimpleNaming.Tests.FromActor.FromActorUserTests.UserTests.user_can_not_be_created_with_an_already_existing_UserName" executed="True" result="Success" success="True" time="0.016" asserts="2" />
                                  <test-case name="CK.DB.Group.SimpleNaming.Tests.FromActor.FromActorUserTests.UserTests.user_FindByName_returns_0_when_not_found" executed="True" result="Success" success="True" time="0.008" asserts="3" />
                                  <test-case name="CK.DB.Group.SimpleNaming.Tests.FromActor.FromActorUserTests.UserTests.UserName_is_not_set_if_another_user_exists_with_the_same_UserName" executed="True" result="Success" success="True" time="0.017" asserts="0" />
                                </results>
                              </test-suite>
                            </results>
                          </test-suite>
                          <test-suite type="TestFixture" name="GroupNameTests" executed="True" result="Success" success="True" time="0.253" asserts="0">
                            <results>
                              <test-case name="CK.DB.Group.SimpleNaming.Tests.GroupNameTests.a_group_can_be_renamed" executed="True" result="Success" success="True" time="0.019" asserts="0" />
                              <test-case name="CK.DB.Group.SimpleNaming.Tests.GroupNameTests.group_name_is_nvarchar_128" executed="True" result="Success" success="True" time="0.006" asserts="0" />
                              <test-case name="CK.DB.Group.SimpleNaming.Tests.GroupNameTests.group_names_are_unique_and_clash_are_atomatically_handled" executed="True" result="Success" success="True" time="0.027" asserts="0" />
                              <test-case name="CK.DB.Group.SimpleNaming.Tests.GroupNameTests.new_group_name_can_be_checked" executed="True" result="Success" success="True" time="0.005" asserts="0" />
                              <test-case name="CK.DB.Group.SimpleNaming.Tests.GroupNameTests.renaming_a_group_with_an_already_conflicting_name_finds_the_hole" executed="True" result="Success" success="True" time="0.010" asserts="0" />
                              <test-case name="CK.DB.Group.SimpleNaming.Tests.GroupNameTests.when_there_is_no_more_room_for_rename_checking_group_name_returns_null" executed="True" result="Success" success="True" time="0.184" asserts="0" />
                            </results>
                          </test-suite>
                        </results>
                      </test-suite>
                    </results>
                  </test-suite>
                </results>
              </test-suite>
            </results>
          </test-suite>
        </results>
      </test-suite>
    </results>
  </test-suite>
</test-results>