<?xml version="1.0" encoding="utf-8" standalone="no"?>
<!--This file represents the results of running a test suite-->
<test-results name="C:\Dev\CK-Database-Projects\CK-DB\Tests\CK.DB.User.UserGoogle.AuthScope.Tests\bin\Debug\net461\CK.DB.User.UserGoogle.AuthScope.Tests.dll" total="12" errors="0" failures="0" not-run="0" inconclusive="0" ignored="0" skipped="0" invalid="0" date="2018-03-30" time="20:12:17">
  <environment nunit-version="2.6.4.14350" clr-version="4.0.30319.42000" os-version="Microsoft Windows NT 6.2.9200.0" platform="Win32NT" cwd="C:\Dev\CK-Database-Projects\CK-DB" machine-name="DESKTOP-5BQ4M95" user="olivi" user-domain="DESKTOP-5BQ4M95" />
  <culture-info current-culture="fr-FR" current-uiculture="fr-FR" />
  <test-suite type="Assembly" name="C:\Dev\CK-Database-Projects\CK-DB\Tests\CK.DB.User.UserGoogle.AuthScope.Tests\bin\Debug\net461\CK.DB.User.UserGoogle.AuthScope.Tests.dll" executed="True" result="Success" success="True" time="16.120" asserts="0">
    <results>
      <test-suite type="Namespace" name="CK" executed="True" result="Success" success="True" time="16.109" asserts="0">
        <results>
          <test-suite type="Namespace" name="DB" executed="True" result="Success" success="True" time="16.109" asserts="0">
            <results>
              <test-suite type="Namespace" name="User" executed="True" result="Success" success="True" time="16.109" asserts="0">
                <results>
                  <test-suite type="Namespace" name="UserGoogle" executed="True" result="Success" success="True" time="16.108" asserts="0">
                    <results>
                      <test-suite type="Namespace" name="AuthScope" executed="True" result="Success" success="True" time="16.108" asserts="0">
                        <results>
                          <test-suite type="Namespace" name="Tests" executed="True" result="Success" success="True" time="16.108" asserts="0">
                            <results>
                              <test-suite type="TestFixture" name="DBSetup" executed="True" result="Inconclusive" success="False" time="0.007" asserts="0" />
                              <test-suite type="Namespace" name="From" executed="True" result="Success" success="True" time="16.054" asserts="0">
                                <results>
                                  <test-suite type="TestFixture" name="FromAuthScopeSetTests" executed="True" result="Success" success="True" time="15.159" asserts="0">
                                    <results>
                                      <test-case name="CK.DB.User.UserGoogle.AuthScope.Tests.From.FromAuthScopeSetTests.AuthScopeSetTests.adding_and_removing_scopes_via_raw_strings" executed="True" result="Success" success="True" time="15.008" asserts="0" />
                                      <test-case name="CK.DB.User.UserGoogle.AuthScope.Tests.From.FromAuthScopeSetTests.AuthScopeSetTests.AuthScopeSet_manipulation" executed="True" result="Success" success="True" time="0.076" asserts="0" />
                                      <test-case name="CK.DB.User.UserGoogle.AuthScope.Tests.From.FromAuthScopeSetTests.AuthScopeSetTests.creating_simple_scope_set" executed="True" result="Success" success="True" time="0.049" asserts="1" />
                                      <test-case name="CK.DB.User.UserGoogle.AuthScope.Tests.From.FromAuthScopeSetTests.AuthScopeSetTests.setting_scopes_on_zero_ScopeSetId_is_an_error" executed="True" result="Success" success="True" time="0.017" asserts="0" />
                                    </results>
                                  </test-suite>
                                  <test-suite type="TestFixture" name="FromUserGoogleTests" executed="True" result="Success" success="True" time="0.894" asserts="0">
                                    <results>
                                      <test-case name="CK.DB.User.UserGoogle.AuthScope.Tests.From.FromUserGoogleTests.UserGoogleTests.create_Google_user_and_check_read_info_object_method" executed="True" result="Success" success="True" time="0.053" asserts="0" />
                                      <test-case name="CK.DB.User.UserGoogle.AuthScope.Tests.From.FromUserGoogleTests.UserGoogleTests.create_Google_user_and_check_read_info_object_method_async" executed="True" result="Success" success="True" time="0.022" asserts="0" />
                                      <test-case name="CK.DB.User.UserGoogle.AuthScope.Tests.From.FromUserGoogleTests.UserGoogleTests.Google_AuthProvider_is_registered" executed="True" result="Success" success="True" time="0.032" asserts="0" />
                                      <test-case name="CK.DB.User.UserGoogle.AuthScope.Tests.From.FromUserGoogleTests.UserGoogleTests.standard_generic_tests_for_Google_provider" executed="True" result="Success" success="True" time="0.085" asserts="0" />
                                      <test-case name="CK.DB.User.UserGoogle.AuthScope.Tests.From.FromUserGoogleTests.UserGoogleTests.standard_generic_tests_for_Google_provider_Async" executed="True" result="Success" success="True" time="0.690" asserts="0" />
                                      <test-case name="CK.DB.User.UserGoogle.AuthScope.Tests.From.FromUserGoogleTests.UserGoogleTests.vUserAuthProvider_reflects_the_user_Google_authentication" executed="True" result="Success" success="True" time="0.009" asserts="0" />
                                    </results>
                                  </test-suite>
                                </results>
                              </test-suite>
                              <test-suite type="TestFixture" name="UserGoogleAuthScopeTests" executed="True" result="Success" success="True" time="0.039" asserts="0">
                                <results>
                                  <test-case name="CK.DB.User.UserGoogle.AuthScope.Tests.UserGoogleAuthScopeTests.non_user_google_ScopeSet_is_null" executed="True" result="Success" success="True" time="0.007" asserts="0" />
                                  <test-case name="CK.DB.User.UserGoogle.AuthScope.Tests.UserGoogleAuthScopeTests.setting_default_scopes_impact_new_users" executed="True" result="Success" success="True" time="0.032" asserts="0" />
                                </results>
                              </test-suite>
                            </results>
                          </test-suite>
                        </results>
                      </test-suite>
                    </results>
                  </test-suite>
                </results>
              </test-suite>
            </results>
          </test-suite>
        </results>
      </test-suite>
    </results>
  </test-suite>
</test-results>