<?xml version="1.0" encoding="utf-8" standalone="no"?>
<!--This file represents the results of running a test suite-->
<test-results name="C:\Dev\CK-Database-Projects\CK-DB\Tests\CK.DB.Zone.SimpleNaming.Tests\bin\Debug\net461\CK.DB.Zone.SimpleNaming.Tests.dll" total="31" errors="0" failures="0" not-run="0" inconclusive="0" ignored="0" skipped="0" invalid="0" date="2018-03-30" time="20:14:22">
  <environment nunit-version="2.6.4.14350" clr-version="4.0.30319.42000" os-version="Microsoft Windows NT 6.2.9200.0" platform="Win32NT" cwd="C:\Dev\CK-Database-Projects\CK-DB" machine-name="DESKTOP-5BQ4M95" user="olivi" user-domain="DESKTOP-5BQ4M95" />
  <culture-info current-culture="fr-FR" current-uiculture="fr-FR" />
  <test-suite type="Assembly" name="C:\Dev\CK-Database-Projects\CK-DB\Tests\CK.DB.Zone.SimpleNaming.Tests\bin\Debug\net461\CK.DB.Zone.SimpleNaming.Tests.dll" executed="True" result="Success" success="True" time="16.536" asserts="0">
    <results>
      <test-suite type="Namespace" name="CK" executed="True" result="Success" success="True" time="16.525" asserts="0">
        <results>
          <test-suite type="Namespace" name="DB" executed="True" result="Success" success="True" time="16.525" asserts="0">
            <results>
              <test-suite type="Namespace" name="Zone" executed="True" result="Success" success="True" time="16.525" asserts="0">
                <results>
                  <test-suite type="Namespace" name="SimpleNaming" executed="True" result="Success" success="True" time="16.524" asserts="0">
                    <results>
                      <test-suite type="Namespace" name="Tests" executed="True" result="Success" success="True" time="16.524" asserts="0">
                        <results>
                          <test-suite type="TestFixture" name="DBSetup" executed="True" result="Inconclusive" success="False" time="0.007" asserts="0" />
                          <test-suite type="Namespace" name="FromActor" executed="True" result="Success" success="True" time="15.143" asserts="0">
                            <results>
                              <test-suite type="TestFixture" name="GroupTests" executed="True" result="Success" success="True" time="15.098" asserts="0">
                                <results>
                                  <test-case name="CK.DB.Zone.SimpleNaming.Tests.FromActor.GroupTests.GroupTests.Anonymous_can_not_create_a_group" executed="True" result="Success" success="True" time="14.896" asserts="0" />
                                  <test-case name="CK.DB.Zone.SimpleNaming.Tests.FromActor.GroupTests.GroupTests.Anonymous_can_not_destroy_a_group" executed="True" result="Success" success="True" time="0.030" asserts="0" />
                                  <test-case name="CK.DB.Zone.SimpleNaming.Tests.FromActor.GroupTests.GroupTests.by_default_groups_can_not_be_destroyed_when_users_exist" executed="True" result="Success" success="True" time="0.078" asserts="0" />
                                  <test-case name="CK.DB.Zone.SimpleNaming.Tests.FromActor.GroupTests.GroupTests.destroying_a_user_removes_it_from_all_the_groups_it_belongs_to" executed="True" result="Success" success="True" time="0.012" asserts="0" />
                                  <test-case name="CK.DB.Zone.SimpleNaming.Tests.FromActor.GroupTests.GroupTests.groups_are_destroyed_even_when_users_exist_when_ForceDestroy_is_true" executed="True" result="Success" success="True" time="0.017" asserts="1" />
                                  <test-case name="CK.DB.Zone.SimpleNaming.Tests.FromActor.GroupTests.GroupTests.groups_can_be_created_and_destroyed_when_empty" executed="True" result="Success" success="True" time="0.013" asserts="1" />
                                  <test-case name="CK.DB.Zone.SimpleNaming.Tests.FromActor.GroupTests.GroupTests.only_system_users_can_add_or_remove_users_from_group_System" executed="True" result="Success" success="True" time="0.043" asserts="1" />
                                </results>
                              </test-suite>
                              <test-suite type="TestFixture" name="UserTests" executed="True" result="Success" success="True" time="0.044" asserts="0">
                                <results>
                                  <test-case name="CK.DB.Zone.SimpleNaming.Tests.FromActor.UserTests.UserTests.Anonymous_can_not_create_a_user" executed="True" result="Success" success="True" time="0.004" asserts="0" />
                                  <test-case name="CK.DB.Zone.SimpleNaming.Tests.FromActor.UserTests.UserTests.user_can_not_be_created_with_an_already_existing_UserName" executed="True" result="Success" success="True" time="0.015" asserts="2" />
                                  <test-case name="CK.DB.Zone.SimpleNaming.Tests.FromActor.UserTests.UserTests.user_FindByName_returns_0_when_not_found" executed="True" result="Success" success="True" time="0.006" asserts="3" />
                                  <test-case name="CK.DB.Zone.SimpleNaming.Tests.FromActor.UserTests.UserTests.UserName_is_not_set_if_another_user_exists_with_the_same_UserName" executed="True" result="Success" success="True" time="0.017" asserts="0" />
                                </results>
                              </test-suite>
                            </results>
                          </test-suite>
                          <test-suite type="Namespace" name="FromGroupSimpleNaming" executed="True" result="Success" success="True" time="1.129" asserts="0">
                            <results>
                              <test-suite type="TestFixture" name="GroupNameTests" executed="True" result="Success" success="True" time="1.129" asserts="0">
                                <results>
                                  <test-case name="CK.DB.Zone.SimpleNaming.Tests.FromGroupSimpleNaming.GroupNameTests.GroupNameTests.a_group_can_be_renamed" executed="True" result="Success" success="True" time="0.021" asserts="0" />
                                  <test-case name="CK.DB.Zone.SimpleNaming.Tests.FromGroupSimpleNaming.GroupNameTests.GroupNameTests.group_name_is_nvarchar_128" executed="True" result="Success" success="True" time="0.011" asserts="0" />
                                  <test-case name="CK.DB.Zone.SimpleNaming.Tests.FromGroupSimpleNaming.GroupNameTests.GroupNameTests.group_names_are_unique_and_clash_are_atomatically_handled" executed="True" result="Success" success="True" time="0.043" asserts="0" />
                                  <test-case name="CK.DB.Zone.SimpleNaming.Tests.FromGroupSimpleNaming.GroupNameTests.GroupNameTests.new_group_name_can_be_checked" executed="True" result="Success" success="True" time="0.006" asserts="0" />
                                  <test-case name="CK.DB.Zone.SimpleNaming.Tests.FromGroupSimpleNaming.GroupNameTests.GroupNameTests.renaming_a_group_with_an_already_conflicting_name_finds_the_hole" executed="True" result="Success" success="True" time="0.015" asserts="0" />
                                  <test-case name="CK.DB.Zone.SimpleNaming.Tests.FromGroupSimpleNaming.GroupNameTests.GroupNameTests.when_there_is_no_more_room_for_rename_checking_group_name_returns_null" executed="True" result="Success" success="True" time="1.030" asserts="0" />
                                </results>
                              </test-suite>
                            </results>
                          </test-suite>
                          <test-suite type="Namespace" name="FromZone" executed="True" result="Success" success="True" time="0.210" asserts="0">
                            <results>
                              <test-suite type="TestFixture" name="ZoneTests" executed="True" result="Success" success="True" time="0.210" asserts="0">
                                <results>
                                  <test-case name="CK.DB.Zone.SimpleNaming.Tests.FromZone.ZoneTests.ZoneTests.adding_a_user_to_a_group_when_he_is_not_registered_in_the_zone_is_an_error" executed="True" result="Success" success="True" time="0.054" asserts="0" />
                                  <test-case name="CK.DB.Zone.SimpleNaming.Tests.FromZone.ZoneTests.ZoneTests.Anonymous_cant_not_create_or_destroy_a_zone" executed="True" result="Success" success="True" time="0.011" asserts="0" />
                                  <test-case name="CK.DB.Zone.SimpleNaming.Tests.FromZone.ZoneTests.ZoneTests.by_default_destroying_a_zone_that_has_a_group_is_an_error_ie_when_ForceDestroy_is_false" executed="True" result="Success" success="True" time="0.013" asserts="0" />
                                  <test-case name="CK.DB.Zone.SimpleNaming.Tests.FromZone.ZoneTests.ZoneTests.by_default_when_a_group_is_moved_all_of_its_users_must_be_already_registered_in_the_target_zone" executed="True" result="Success" success="True" time="0.030" asserts="0" />
                                  <test-case name="CK.DB.Zone.SimpleNaming.Tests.FromZone.ZoneTests.ZoneTests.can_not_create_a_group_in_System_group" executed="True" result="Success" success="True" time="0.007" asserts="0" />
                                  <test-case name="CK.DB.Zone.SimpleNaming.Tests.FromZone.ZoneTests.ZoneTests.groups_can_be_moved_from_its_zone_to_another_one" executed="True" result="Success" success="True" time="0.016" asserts="0" />
                                  <test-case name="CK.DB.Zone.SimpleNaming.Tests.FromZone.ZoneTests.ZoneTests.removing_a_user_from_a_Zone_removes_him_from_all_groups" executed="True" result="Success" success="True" time="0.020" asserts="0" />
                                  <test-case name="CK.DB.Zone.SimpleNaming.Tests.FromZone.ZoneTests.ZoneTests.with_option_AutoUserRegistration_when_a_group_is_moved_its_users_not_already_registered_in_the_target_zone_are_automatically_registered" executed="True" result="Success" success="True" time="0.013" asserts="0" />
                                  <test-case name="CK.DB.Zone.SimpleNaming.Tests.FromZone.ZoneTests.ZoneTests.with_option_Intersect_when_a_group_is_moved_its_users_not_already_registered_in_the_target_zone_are_removed" executed="True" result="Success" success="True" time="0.013" asserts="0" />
                                  <test-case name="CK.DB.Zone.SimpleNaming.Tests.FromZone.ZoneTests.ZoneTests.zone_0_and_1_can_not_be_destroyed" executed="True" result="Success" success="True" time="0.008" asserts="0" />
                                  <test-case name="CK.DB.Zone.SimpleNaming.Tests.FromZone.ZoneTests.ZoneTests.zone_can_be_created_and_destroyed_by_System" executed="True" result="Success" success="True" time="0.009" asserts="1" />
                                  <test-case name="CK.DB.Zone.SimpleNaming.Tests.FromZone.ZoneTests.ZoneTests.zone_with_existing_groups_can_be_destroyed_when_ForceDestroy_is_true" executed="True" result="Success" success="True" time="0.013" asserts="1" />
                                </results>
                              </test-suite>
                            </results>
                          </test-suite>
                          <test-suite type="TestFixture" name="ZoneNameTests" executed="True" result="Success" success="True" time="0.023" asserts="0">
                            <results>
                              <test-case name="CK.DB.Zone.SimpleNaming.Tests.ZoneNameTests.groups_with_the_same_name_can_exist_in_different_zones" executed="True" result="Success" success="True" time="0.014" asserts="0" />
                              <test-case name="CK.DB.Zone.SimpleNaming.Tests.ZoneNameTests.when_groups_are_moved_name_clash_are_automatically_handled" executed="True" result="Success" success="True" time="0.009" asserts="0" />
                            </results>
                          </test-suite>
                        </results>
                      </test-suite>
                    </results>
                  </test-suite>
                </results>
              </test-suite>
            </results>
          </test-suite>
        </results>
      </test-suite>
    </results>
  </test-suite>
</test-results>