<?xml version="1.0" encoding="utf-8" standalone="no"?>
<!--This file represents the results of running a test suite-->
<test-results name="C:\Dev\CK-Database-Projects\CK-DB\Tests\CK.DB.Auth.Tests\bin\Debug\net461\CK.DB.Auth.Tests.dll" total="5" errors="0" failures="0" not-run="0" inconclusive="3" ignored="0" skipped="0" invalid="0" date="2018-03-30" time="20:06:21">
  <environment nunit-version="2.6.4.14350" clr-version="4.0.30319.42000" os-version="Microsoft Windows NT 6.2.9200.0" platform="Win32NT" cwd="C:\Dev\CK-Database-Projects\CK-DB" machine-name="DESKTOP-5BQ4M95" user="olivi" user-domain="DESKTOP-5BQ4M95" />
  <culture-info current-culture="fr-FR" current-uiculture="fr-FR" />
  <test-suite type="Assembly" name="C:\Dev\CK-Database-Projects\CK-DB\Tests\CK.DB.Auth.Tests\bin\Debug\net461\CK.DB.Auth.Tests.dll" executed="True" result="Success" success="True" time="21.025" asserts="0">
    <results>
      <test-suite type="Namespace" name="CK" executed="True" result="Success" success="True" time="21.012" asserts="0">
        <results>
          <test-suite type="Namespace" name="DB" executed="True" result="Success" success="True" time="21.012" asserts="0">
            <results>
              <test-suite type="Namespace" name="Auth" executed="True" result="Success" success="True" time="21.012" asserts="0">
                <results>
                  <test-suite type="Namespace" name="Tests" executed="True" result="Success" success="True" time="21.011" asserts="0">
                    <results>
                      <test-suite type="TestFixture" name="AuthTests" executed="True" result="Success" success="True" time="21.004" asserts="0">
                        <results>
                          <test-case name="CK.DB.Auth.Tests.AuthTests.calling_OnUserLogin_directlty_works_but_is_reserved_for_very_rare_scenarii" executed="True" result="Success" success="True" time="20.917" asserts="0" />
                          <test-case name="CK.DB.Auth.Tests.AuthTests.reading_IUserAuthInfo_for_an_unexisting_user_or_Anonymous_returns_null" executed="True" result="Success" success="True" time="0.020" asserts="0" />
                          <test-case name="CK.DB.Auth.Tests.AuthTests.when_a_basic_provider_exists_its_IGenericAuthenticationProvider_adpater_accepts_UserId_or_UserName_based_login_payloads" executed="True" result="Inconclusive" success="False" time="0.030" asserts="0">
                            <reason>
                              <message><![CDATA[  Expected: True
  But was:  False
]]></message>
                            </reason>
                          </test-case>
                          <test-case name="CK.DB.Auth.Tests.AuthTests.when_a_basic_provider_exists_its_IGenericAuthenticationProvider_adpater_accepts_UserId_or_UserName_based_login_payloads_Async" executed="True" result="Inconclusive" success="False" time="0.014" asserts="0">
                            <reason>
                              <message><![CDATA[  Expected: True
  But was:  False
]]></message>
                            </reason>
                          </test-case>
                          <test-case name="CK.DB.Auth.Tests.AuthTests.when_basic_provider_exists_it_is_registered_in_tAuthProvider_and_available_as_IGenericAuthenticationProvider" executed="True" result="Inconclusive" success="False" time="0.003" asserts="0">
                            <reason>
                              <message><![CDATA[  Expected: True
  But was:  False
]]></message>
                            </reason>
                          </test-case>
                        </results>
                      </test-suite>
                      <test-suite type="TestFixture" name="DBSetup" executed="True" result="Inconclusive" success="False" time="0.001" asserts="0" />
                    </results>
                  </test-suite>
                </results>
              </test-suite>
            </results>
          </test-suite>
        </results>
      </test-suite>
    </results>
  </test-suite>
</test-results>