<?xml version="1.0" encoding="utf-8" standalone="no"?>
<!--This file represents the results of running a test suite-->
<test-results name="C:\Dev\CK-Database-Projects\CK-DB\Tests\CK.DB.Culture.Tests\bin\Debug\net461\CK.DB.Culture.Tests.dll" total="12" errors="0" failures="0" not-run="0" inconclusive="0" ignored="0" skipped="0" invalid="0" date="2018-03-30" time="20:06:59">
  <environment nunit-version="2.6.4.14350" clr-version="4.0.30319.42000" os-version="Microsoft Windows NT 6.2.9200.0" platform="Win32NT" cwd="C:\Dev\CK-Database-Projects\CK-DB" machine-name="DESKTOP-5BQ4M95" user="olivi" user-domain="DESKTOP-5BQ4M95" />
  <culture-info current-culture="fr-FR" current-uiculture="fr-FR" />
  <test-suite type="Assembly" name="C:\Dev\CK-Database-Projects\CK-DB\Tests\CK.DB.Culture.Tests\bin\Debug\net461\CK.DB.Culture.Tests.dll" executed="True" result="Success" success="True" time="20.784" asserts="0">
    <results>
      <test-suite type="Namespace" name="CK" executed="True" result="Success" success="True" time="20.766" asserts="0">
        <results>
          <test-suite type="Namespace" name="DB" executed="True" result="Success" success="True" time="20.766" asserts="0">
            <results>
              <test-suite type="Namespace" name="Culture" executed="True" result="Success" success="True" time="20.766" asserts="0">
                <results>
                  <test-suite type="Namespace" name="Tests" executed="True" result="Success" success="True" time="20.766" asserts="0">
                    <results>
                      <test-suite type="TestFixture" name="CultureTests" executed="True" result="Success" success="True" time="20.207" asserts="0">
                        <results>
                          <test-case name="CK.DB.Culture.Tests.CultureTests.by_default_French_and_English_are_defined_but_may_be_updated" executed="True" result="Success" success="True" time="20.112" asserts="0" />
                          <test-case name="CK.DB.Culture.Tests.CultureTests.LCID_must_be_greater_than_0_and_less_than_0xFFFF" executed="True" result="Success" success="True" time="0.032" asserts="0" />
                          <test-case name="CK.DB.Culture.Tests.CultureTests.registering_a_culture_updates_all_fallbacks" executed="True" result="Success" success="True" time="0.046" asserts="0" />
                        </results>
                      </test-suite>
                      <test-suite type="TestFixture" name="DBSetup" executed="True" result="Inconclusive" success="False" time="0.000" asserts="0" />
                      <test-suite type="TestFixture" name="ExtendedCultureTests" executed="True" result="Success" success="True" time="0.555" asserts="0">
                        <results>
                          <test-case name="CK.DB.Culture.Tests.ExtendedCultureTests.assuming_extended_cultures" executed="True" result="Success" success="True" time="0.259" asserts="0" />
                          <test-case name="CK.DB.Culture.Tests.ExtendedCultureTests.checking_Idx_updates_when_destroying_a_Culture" executed="True" result="Success" success="True" time="0.039" asserts="0" />
                          <test-case name="CK.DB.Culture.Tests.ExtendedCultureTests.destroying_culture_updates_all_cultures_fallbacks" executed="True" result="Success" success="True" time="0.061" asserts="0" />
                          <test-case name="CK.DB.Culture.Tests.ExtendedCultureTests.destroying_LCID_destroys_XLCID_with_the_primary_LCID" executed="True" result="Success" success="True" time="0.014" asserts="0" />
                          <test-case name="CK.DB.Culture.Tests.ExtendedCultureTests.reading_CultureData" executed="True" result="Success" success="True" time="0.024" asserts="0" />
                          <test-case name="CK.DB.Culture.Tests.ExtendedCultureTests.reading_CultureDate_or_ExtendedCultureData_with_unexisting_identifier_returns_null" executed="True" result="Success" success="True" time="0.007" asserts="0" />
                          <test-case name="CK.DB.Culture.Tests.ExtendedCultureTests.reading_ExtendedCultureData" executed="True" result="Success" success="True" time="0.049" asserts="0" />
                          <test-case name="CK.DB.Culture.Tests.ExtendedCultureTests.setting_culture_fallbacks" executed="True" result="Success" success="True" time="0.081" asserts="0" />
                          <test-case name="CK.DB.Culture.Tests.ExtendedCultureTests.XLCID_are_never_reused" executed="True" result="Success" success="True" time="0.019" asserts="0" />
                        </results>
                      </test-suite>
                    </results>
                  </test-suite>
                </results>
              </test-suite>
            </results>
          </test-suite>
        </results>
      </test-suite>
    </results>
  </test-suite>
</test-results>