<?xml version="1.0" encoding="utf-8" standalone="no"?>
<!--This file represents the results of running a test suite-->
<test-results name="C:\Dev\CK-Database-Projects\CK-DB\Tests\CK.DB.Actor.Tests\bin\Debug\net461\CK.DB.Actor.Tests.dll" total="11" errors="0" failures="0" not-run="0" inconclusive="0" ignored="0" skipped="0" invalid="0" date="2018-03-30" time="20:03:35">
  <environment nunit-version="2.6.4.14350" clr-version="4.0.30319.42000" os-version="Microsoft Windows NT 6.2.9200.0" platform="Win32NT" cwd="C:\Dev\CK-Database-Projects\CK-DB" machine-name="DESKTOP-5BQ4M95" user="olivi" user-domain="DESKTOP-5BQ4M95" />
  <culture-info current-culture="fr-FR" current-uiculture="fr-FR" />
  <test-suite type="Assembly" name="C:\Dev\CK-Database-Projects\CK-DB\Tests\CK.DB.Actor.Tests\bin\Debug\net461\CK.DB.Actor.Tests.dll" executed="True" result="Success" success="True" time="20.612" asserts="0">
    <results>
      <test-suite type="Namespace" name="CK" executed="True" result="Success" success="True" time="20.600" asserts="0">
        <results>
          <test-suite type="Namespace" name="DB" executed="True" result="Success" success="True" time="20.600" asserts="0">
            <results>
              <test-suite type="Namespace" name="Actor" executed="True" result="Success" success="True" time="20.600" asserts="0">
                <results>
                  <test-suite type="Namespace" name="Tests" executed="True" result="Success" success="True" time="20.599" asserts="0">
                    <results>
                      <test-suite type="TestFixture" name="DBSetup" executed="True" result="Inconclusive" success="False" time="0.007" asserts="0" />
                      <test-suite type="TestFixture" name="GroupTests" executed="True" result="Success" success="True" time="20.541" asserts="0">
                        <results>
                          <test-case name="CK.DB.Actor.Tests.GroupTests.Anonymous_can_not_create_a_group" executed="True" result="Success" success="True" time="20.358" asserts="0" />
                          <test-case name="CK.DB.Actor.Tests.GroupTests.Anonymous_can_not_destroy_a_group" executed="True" result="Success" success="True" time="0.030" asserts="0" />
                          <test-case name="CK.DB.Actor.Tests.GroupTests.by_default_groups_can_not_be_destroyed_when_users_exist" executed="True" result="Success" success="True" time="0.082" asserts="0" />
                          <test-case name="CK.DB.Actor.Tests.GroupTests.destroying_a_user_removes_it_from_all_the_groups_it_belongs_to" executed="True" result="Success" success="True" time="0.010" asserts="0" />
                          <test-case name="CK.DB.Actor.Tests.GroupTests.groups_are_destroyed_even_when_users_exist_when_ForceDestroy_is_true" executed="True" result="Success" success="True" time="0.014" asserts="1" />
                          <test-case name="CK.DB.Actor.Tests.GroupTests.groups_can_be_created_and_destroyed_when_empty" executed="True" result="Success" success="True" time="0.012" asserts="1" />
                          <test-case name="CK.DB.Actor.Tests.GroupTests.only_system_users_can_add_or_remove_users_from_group_System" executed="True" result="Success" success="True" time="0.026" asserts="1" />
                        </results>
                      </test-suite>
                      <test-suite type="TestFixture" name="UserTests" executed="True" result="Success" success="True" time="0.043" asserts="0">
                        <results>
                          <test-case name="CK.DB.Actor.Tests.UserTests.Anonymous_can_not_create_a_user" executed="True" result="Success" success="True" time="0.004" asserts="0" />
                          <test-case name="CK.DB.Actor.Tests.UserTests.user_can_not_be_created_with_an_already_existing_UserName" executed="True" result="Success" success="True" time="0.015" asserts="2" />
                          <test-case name="CK.DB.Actor.Tests.UserTests.user_FindByName_returns_0_when_not_found" executed="True" result="Success" success="True" time="0.006" asserts="3" />
                          <test-case name="CK.DB.Actor.Tests.UserTests.UserName_is_not_set_if_another_user_exists_with_the_same_UserName" executed="True" result="Success" success="True" time="0.015" asserts="0" />
                        </results>
                      </test-suite>
                    </results>
                  </test-suite>
                </results>
              </test-suite>
            </results>
          </test-suite>
        </results>
      </test-suite>
    </results>
  </test-suite>
</test-results>